<?xml version="1.0" encoding="UTF-8"?>
<testsuite xmlns:xsi="http://www.w3.org/2001/XMLSchema-instance" xsi:noNamespaceSchemaLocation="https://maven.apache.org/surefire/maven-surefire-plugin/xsd/surefire-test-report-3.0.xsd" version="3.0" name="com.qdu.TrainApplicationTests" time="6.772" tests="1" errors="0" skipped="0" failures="0">
  <properties>
    <property name="java.specification.version" value="17"/>
    <property name="sun.cpu.isalist" value="amd64"/>
    <property name="sun.jnu.encoding" value="GBK"/>
    <property name="java.class.path" value="D:\train_system\train46\target\test-classes;D:\train_system\train46\target\classes;C:\repmvn\org\springframework\boot\spring-boot-starter-web\3.2.5\spring-boot-starter-web-3.2.5.jar;C:\repmvn\org\springframework\boot\spring-boot-starter\3.2.5\spring-boot-starter-3.2.5.jar;C:\repmvn\org\springframework\boot\spring-boot-starter-logging\3.2.5\spring-boot-starter-logging-3.2.5.jar;C:\repmvn\ch\qos\logback\logback-classic\1.4.14\logback-classic-1.4.14.jar;C:\repmvn\ch\qos\logback\logback-core\1.4.14\logback-core-1.4.14.jar;C:\repmvn\org\apache\logging\log4j\log4j-to-slf4j\2.21.1\log4j-to-slf4j-2.21.1.jar;C:\repmvn\org\apache\logging\log4j\log4j-api\2.21.1\log4j-api-2.21.1.jar;C:\repmvn\org\slf4j\jul-to-slf4j\2.0.13\jul-to-slf4j-2.0.13.jar;C:\repmvn\jakarta\annotation\jakarta.annotation-api\2.1.1\jakarta.annotation-api-2.1.1.jar;C:\repmvn\org\yaml\snakeyaml\2.2\snakeyaml-2.2.jar;C:\repmvn\org\springframework\boot\spring-boot-starter-json\3.2.5\spring-boot-starter-json-3.2.5.jar;C:\repmvn\com\fasterxml\jackson\datatype\jackson-datatype-jdk8\2.15.4\jackson-datatype-jdk8-2.15.4.jar;C:\repmvn\com\fasterxml\jackson\datatype\jackson-datatype-jsr310\2.15.4\jackson-datatype-jsr310-2.15.4.jar;C:\repmvn\com\fasterxml\jackson\module\jackson-module-parameter-names\2.15.4\jackson-module-parameter-names-2.15.4.jar;C:\repmvn\org\springframework\boot\spring-boot-starter-tomcat\3.2.5\spring-boot-starter-tomcat-3.2.5.jar;C:\repmvn\org\apache\tomcat\embed\tomcat-embed-core\10.1.20\tomcat-embed-core-10.1.20.jar;C:\repmvn\org\apache\tomcat\embed\tomcat-embed-el\10.1.20\tomcat-embed-el-10.1.20.jar;C:\repmvn\org\apache\tomcat\embed\tomcat-embed-websocket\10.1.20\tomcat-embed-websocket-10.1.20.jar;C:\repmvn\org\springframework\spring-web\6.1.6\spring-web-6.1.6.jar;C:\repmvn\org\springframework\spring-beans\6.1.6\spring-beans-6.1.6.jar;C:\repmvn\io\micrometer\micrometer-observation\1.12.5\micrometer-observation-1.12.5.jar;C:\repmvn\io\micrometer\micrometer-commons\1.12.5\micrometer-commons-1.12.5.jar;C:\repmvn\org\springframework\spring-webmvc\6.1.6\spring-webmvc-6.1.6.jar;C:\repmvn\org\springframework\spring-context\6.1.6\spring-context-6.1.6.jar;C:\repmvn\org\springframework\spring-expression\6.1.6\spring-expression-6.1.6.jar;C:\repmvn\org\springframework\boot\spring-boot-starter-test\3.2.5\spring-boot-starter-test-3.2.5.jar;C:\repmvn\org\springframework\boot\spring-boot-test\3.2.5\spring-boot-test-3.2.5.jar;C:\repmvn\org\springframework\boot\spring-boot-test-autoconfigure\3.2.5\spring-boot-test-autoconfigure-3.2.5.jar;C:\repmvn\com\jayway\jsonpath\json-path\2.9.0\json-path-2.9.0.jar;C:\repmvn\org\slf4j\slf4j-api\2.0.13\slf4j-api-2.0.13.jar;C:\repmvn\jakarta\xml\bind\jakarta.xml.bind-api\4.0.2\jakarta.xml.bind-api-4.0.2.jar;C:\repmvn\jakarta\activation\jakarta.activation-api\2.1.3\jakarta.activation-api-2.1.3.jar;C:\repmvn\net\minidev\json-smart\2.5.1\json-smart-2.5.1.jar;C:\repmvn\net\minidev\accessors-smart\2.5.1\accessors-smart-2.5.1.jar;C:\repmvn\org\ow2\asm\asm\9.6\asm-9.6.jar;C:\repmvn\org\assertj\assertj-core\3.24.2\assertj-core-3.24.2.jar;C:\repmvn\net\bytebuddy\byte-buddy\1.14.13\byte-buddy-1.14.13.jar;C:\repmvn\org\awaitility\awaitility\4.2.1\awaitility-4.2.1.jar;C:\repmvn\org\hamcrest\hamcrest\2.2\hamcrest-2.2.jar;C:\repmvn\org\junit\jupiter\junit-jupiter\5.10.2\junit-jupiter-5.10.2.jar;C:\repmvn\org\junit\jupiter\junit-jupiter-api\5.10.2\junit-jupiter-api-5.10.2.jar;C:\repmvn\org\opentest4j\opentest4j\1.3.0\opentest4j-1.3.0.jar;C:\repmvn\org\junit\platform\junit-platform-commons\1.10.2\junit-platform-commons-1.10.2.jar;C:\repmvn\org\apiguardian\apiguardian-api\1.1.2\apiguardian-api-1.1.2.jar;C:\repmvn\org\junit\jupiter\junit-jupiter-params\5.10.2\junit-jupiter-params-5.10.2.jar;C:\repmvn\org\junit\jupiter\junit-jupiter-engine\5.10.2\junit-jupiter-engine-5.10.2.jar;C:\repmvn\org\junit\platform\junit-platform-engine\1.10.2\junit-platform-engine-1.10.2.jar;C:\repmvn\org\mockito\mockito-core\5.7.0\mockito-core-5.7.0.jar;C:\repmvn\net\bytebuddy\byte-buddy-agent\1.14.13\byte-buddy-agent-1.14.13.jar;C:\repmvn\org\objenesis\objenesis\3.3\objenesis-3.3.jar;C:\repmvn\org\mockito\mockito-junit-jupiter\5.7.0\mockito-junit-jupiter-5.7.0.jar;C:\repmvn\org\skyscreamer\jsonassert\1.5.1\jsonassert-1.5.1.jar;C:\repmvn\com\vaadin\external\google\android-json\0.0.20131108.vaadin1\android-json-0.0.20131108.vaadin1.jar;C:\repmvn\org\springframework\spring-core\6.1.6\spring-core-6.1.6.jar;C:\repmvn\org\springframework\spring-jcl\6.1.6\spring-jcl-6.1.6.jar;C:\repmvn\org\springframework\spring-test\6.1.6\spring-test-6.1.6.jar;C:\repmvn\org\xmlunit\xmlunit-core\2.9.1\xmlunit-core-2.9.1.jar;C:\repmvn\org\mybatis\spring\boot\mybatis-spring-boot-starter\3.0.3\mybatis-spring-boot-starter-3.0.3.jar;C:\repmvn\org\springframework\boot\spring-boot-starter-jdbc\3.2.5\spring-boot-starter-jdbc-3.2.5.jar;C:\repmvn\com\zaxxer\HikariCP\5.0.1\HikariCP-5.0.1.jar;C:\repmvn\org\springframework\spring-jdbc\6.1.6\spring-jdbc-6.1.6.jar;C:\repmvn\org\mybatis\spring\boot\mybatis-spring-boot-autoconfigure\3.0.3\mybatis-spring-boot-autoconfigure-3.0.3.jar;C:\repmvn\org\mybatis\mybatis\3.5.14\mybatis-3.5.14.jar;C:\repmvn\org\mybatis\mybatis-spring\3.0.3\mybatis-spring-3.0.3.jar;C:\repmvn\org\springframework\boot\spring-boot-devtools\3.2.5\spring-boot-devtools-3.2.5.jar;C:\repmvn\org\springframework\boot\spring-boot\3.2.5\spring-boot-3.2.5.jar;C:\repmvn\org\springframework\boot\spring-boot-autoconfigure\3.2.5\spring-boot-autoconfigure-3.2.5.jar;C:\repmvn\com\mysql\mysql-connector-j\8.3.0\mysql-connector-j-8.3.0.jar;C:\repmvn\org\projectlombok\lombok\1.18.32\lombok-1.18.32.jar;C:\repmvn\com\baomidou\mybatis-plus-boot-starter\3.5.5\mybatis-plus-boot-starter-3.5.5.jar;C:\repmvn\com\baomidou\mybatis-plus\3.5.5\mybatis-plus-3.5.5.jar;C:\repmvn\com\baomidou\mybatis-plus-core\3.5.5\mybatis-plus-core-3.5.5.jar;C:\repmvn\com\baomidou\mybatis-plus-annotation\3.5.5\mybatis-plus-annotation-3.5.5.jar;C:\repmvn\com\baomidou\mybatis-plus-extension\3.5.5\mybatis-plus-extension-3.5.5.jar;C:\repmvn\com\github\jsqlparser\jsqlparser\4.6\jsqlparser-4.6.jar;C:\repmvn\com\baomidou\mybatis-plus-spring-boot-autoconfigure\3.5.5\mybatis-plus-spring-boot-autoconfigure-3.5.5.jar;C:\repmvn\com\baomidou\mybatis-plus-generator\3.5.5\mybatis-plus-generator-3.5.5.jar;C:\repmvn\org\freemarker\freemarker\2.3.32\freemarker-2.3.32.jar;C:\repmvn\io\jsonwebtoken\jjwt-api\0.11.5\jjwt-api-0.11.5.jar;C:\repmvn\io\jsonwebtoken\jjwt-impl\0.11.5\jjwt-impl-0.11.5.jar;C:\repmvn\io\jsonwebtoken\jjwt-jackson\0.11.5\jjwt-jackson-0.11.5.jar;C:\repmvn\com\fasterxml\jackson\core\jackson-databind\2.15.4\jackson-databind-2.15.4.jar;C:\repmvn\com\fasterxml\jackson\core\jackson-annotations\2.15.4\jackson-annotations-2.15.4.jar;C:\repmvn\com\fasterxml\jackson\core\jackson-core\2.15.4\jackson-core-2.15.4.jar;C:\repmvn\org\springframework\boot\spring-boot-starter-security\3.2.5\spring-boot-starter-security-3.2.5.jar;C:\repmvn\org\springframework\spring-aop\6.1.6\spring-aop-6.1.6.jar;C:\repmvn\org\springframework\security\spring-security-config\6.2.4\spring-security-config-6.2.4.jar;C:\repmvn\org\springframework\security\spring-security-core\6.2.4\spring-security-core-6.2.4.jar;C:\repmvn\org\springframework\security\spring-security-crypto\6.2.4\spring-security-crypto-6.2.4.jar;C:\repmvn\org\springframework\security\spring-security-web\6.2.4\spring-security-web-6.2.4.jar;C:\repmvn\org\springframework\boot\spring-boot-starter-data-redis\3.2.5\spring-boot-starter-data-redis-3.2.5.jar;C:\repmvn\io\lettuce\lettuce-core\6.3.2.RELEASE\lettuce-core-6.3.2.RELEASE.jar;C:\repmvn\io\netty\netty-common\4.1.109.Final\netty-common-4.1.109.Final.jar;C:\repmvn\io\netty\netty-handler\4.1.109.Final\netty-handler-4.1.109.Final.jar;C:\repmvn\io\netty\netty-resolver\4.1.109.Final\netty-resolver-4.1.109.Final.jar;C:\repmvn\io\netty\netty-buffer\4.1.109.Final\netty-buffer-4.1.109.Final.jar;C:\repmvn\io\netty\netty-transport-native-unix-common\4.1.109.Final\netty-transport-native-unix-common-4.1.109.Final.jar;C:\repmvn\io\netty\netty-codec\4.1.109.Final\netty-codec-4.1.109.Final.jar;C:\repmvn\io\netty\netty-transport\4.1.109.Final\netty-transport-4.1.109.Final.jar;C:\repmvn\io\projectreactor\reactor-core\3.6.5\reactor-core-3.6.5.jar;C:\repmvn\org\reactivestreams\reactive-streams\1.0.4\reactive-streams-1.0.4.jar;C:\repmvn\org\springframework\data\spring-data-redis\3.2.5\spring-data-redis-3.2.5.jar;C:\repmvn\org\springframework\data\spring-data-keyvalue\3.2.5\spring-data-keyvalue-3.2.5.jar;C:\repmvn\org\springframework\data\spring-data-commons\3.2.5\spring-data-commons-3.2.5.jar;C:\repmvn\org\springframework\spring-tx\6.1.6\spring-tx-6.1.6.jar;C:\repmvn\org\springframework\spring-oxm\6.1.6\spring-oxm-6.1.6.jar;C:\repmvn\org\springframework\spring-context-support\6.1.6\spring-context-support-6.1.6.jar;C:\repmvn\com\alibaba\cloud\ai\spring-ai-alibaba-starter\1.0.0-M2.1\spring-ai-alibaba-starter-1.0.0-M2.1.jar;C:\repmvn\com\alibaba\cloud\ai\spring-ai-alibaba-core\1.0.0-M2.1\spring-ai-alibaba-core-1.0.0-M2.1.jar;C:\repmvn\com\alibaba\dashscope-sdk-java\2.15.1\dashscope-sdk-java-2.15.1.jar;C:\repmvn\io\reactivex\rxjava2\rxjava\2.2.21\rxjava-2.2.21.jar;C:\repmvn\com\google\code\gson\gson\2.10.1\gson-2.10.1.jar;C:\repmvn\org\jetbrains\kotlin\kotlin-stdlib-jdk8\1.9.23\kotlin-stdlib-jdk8-1.9.23.jar;C:\repmvn\org\jetbrains\kotlin\kotlin-stdlib\1.9.23\kotlin-stdlib-1.9.23.jar;C:\repmvn\org\jetbrains\annotations\13.0\annotations-13.0.jar;C:\repmvn\org\jetbrains\kotlin\kotlin-stdlib-jdk7\1.9.23\kotlin-stdlib-jdk7-1.9.23.jar;C:\repmvn\com\squareup\okio\okio\3.6.0\okio-3.6.0.jar;C:\repmvn\com\squareup\okio\okio-jvm\3.6.0\okio-jvm-3.6.0.jar;C:\repmvn\org\jetbrains\kotlin\kotlin-stdlib-common\1.9.23\kotlin-stdlib-common-1.9.23.jar;C:\repmvn\com\squareup\okhttp3\logging-interceptor\4.12.0\logging-interceptor-4.12.0.jar;C:\repmvn\com\squareup\okhttp3\okhttp-sse\4.12.0\okhttp-sse-4.12.0.jar;C:\repmvn\com\github\victools\jsonschema-generator\4.31.1\jsonschema-generator-4.31.1.jar;C:\repmvn\com\fasterxml\classmate\1.6.0\classmate-1.6.0.jar;C:\repmvn\org\springframework\ai\spring-ai-core\1.0.0-M2\spring-ai-core-1.0.0-M2.jar;C:\repmvn\io\swagger\core\v3\swagger-annotations\2.2.20\swagger-annotations-2.2.20.jar;C:\repmvn\com\github\victools\jsonschema-module-swagger-2\4.35.0\jsonschema-module-swagger-2-4.35.0.jar;C:\repmvn\org\springframework\cloud\spring-cloud-function-context\4.1.3\spring-cloud-function-context-4.1.3.jar;C:\repmvn\net\jodah\typetools\0.6.2\typetools-0.6.2.jar;C:\repmvn\org\springframework\cloud\spring-cloud-function-core\4.1.3\spring-cloud-function-core-4.1.3.jar;C:\repmvn\org\json\json\20240303\json-20240303.jar;C:\repmvn\org\antlr\ST4\4.3.4\ST4-4.3.4.jar;C:\repmvn\org\antlr\antlr-runtime\3.5.3\antlr-runtime-3.5.3.jar;C:\repmvn\org\antlr\antlr4-runtime\4.13.1\antlr4-runtime-4.13.1.jar;C:\repmvn\org\springframework\spring-messaging\6.1.6\spring-messaging-6.1.6.jar;C:\repmvn\io\micrometer\micrometer-core\1.12.5\micrometer-core-1.12.5.jar;C:\repmvn\org\hdrhistogram\HdrHistogram\2.1.12\HdrHistogram-2.1.12.jar;C:\repmvn\org\latencyutils\LatencyUtils\2.0.3\LatencyUtils-2.0.3.jar;C:\repmvn\com\knuddels\jtokkit\1.1.0\jtokkit-1.1.0.jar;C:\repmvn\com\github\victools\jsonschema-module-jackson\4.35.0\jsonschema-module-jackson-4.35.0.jar;C:\repmvn\org\springframework\ai\spring-ai-retry\1.0.0-M2\spring-ai-retry-1.0.0-M2.jar;C:\repmvn\org\springframework\retry\spring-retry\2.0.5\spring-retry-2.0.5.jar;C:\repmvn\org\springframework\spring-webflux\6.1.6\spring-webflux-6.1.6.jar;C:\repmvn\org\springframework\ai\spring-ai-spring-boot-autoconfigure\1.0.0-M2\spring-ai-spring-boot-autoconfigure-1.0.0-M2.jar;C:\repmvn\commons-codec\commons-codec\1.16.1\commons-codec-1.16.1.jar;C:\repmvn\com\squareup\okhttp3\okhttp\4.12.0\okhttp-4.12.0.jar;"/>
    <property name="java.vm.vendor" value="Amazon.com Inc."/>
    <property name="sun.arch.data.model" value="64"/>
    <property name="user.variant" value=""/>
    <property name="java.vendor.url" value="https://aws.amazon.com/corretto/"/>
    <property name="user.timezone" value="Asia/Shanghai"/>
    <property name="os.name" value="Windows 10"/>
    <property name="java.vm.specification.version" value="17"/>
    <property name="sun.java.launcher" value="SUN_STANDARD"/>
    <property name="user.country" value="CN"/>
    <property name="sun.boot.library.path" value="C:\Users\Xuzengrun\.jdks\corretto-17.0.14\bin"/>
    <property name="sun.java.command" value="C:\Users\Xuzengrun\AppData\Local\Temp\surefire12754574751960830587\surefirebooter-20250406041419745_3.jar C:\Users\Xuzengrun\AppData\Local\Temp\surefire12754574751960830587 2025-04-06T04-14-19_562-jvmRun1 surefire-20250406041419745_1tmp surefire_0-20250406041419745_2tmp"/>
    <property name="jdk.debug" value="release"/>
    <property name="surefire.test.class.path" value="D:\train_system\train46\target\test-classes;D:\train_system\train46\target\classes;C:\repmvn\org\springframework\boot\spring-boot-starter-web\3.2.5\spring-boot-starter-web-3.2.5.jar;C:\repmvn\org\springframework\boot\spring-boot-starter\3.2.5\spring-boot-starter-3.2.5.jar;C:\repmvn\org\springframework\boot\spring-boot-starter-logging\3.2.5\spring-boot-starter-logging-3.2.5.jar;C:\repmvn\ch\qos\logback\logback-classic\1.4.14\logback-classic-1.4.14.jar;C:\repmvn\ch\qos\logback\logback-core\1.4.14\logback-core-1.4.14.jar;C:\repmvn\org\apache\logging\log4j\log4j-to-slf4j\2.21.1\log4j-to-slf4j-2.21.1.jar;C:\repmvn\org\apache\logging\log4j\log4j-api\2.21.1\log4j-api-2.21.1.jar;C:\repmvn\org\slf4j\jul-to-slf4j\2.0.13\jul-to-slf4j-2.0.13.jar;C:\repmvn\jakarta\annotation\jakarta.annotation-api\2.1.1\jakarta.annotation-api-2.1.1.jar;C:\repmvn\org\yaml\snakeyaml\2.2\snakeyaml-2.2.jar;C:\repmvn\org\springframework\boot\spring-boot-starter-json\3.2.5\spring-boot-starter-json-3.2.5.jar;C:\repmvn\com\fasterxml\jackson\datatype\jackson-datatype-jdk8\2.15.4\jackson-datatype-jdk8-2.15.4.jar;C:\repmvn\com\fasterxml\jackson\datatype\jackson-datatype-jsr310\2.15.4\jackson-datatype-jsr310-2.15.4.jar;C:\repmvn\com\fasterxml\jackson\module\jackson-module-parameter-names\2.15.4\jackson-module-parameter-names-2.15.4.jar;C:\repmvn\org\springframework\boot\spring-boot-starter-tomcat\3.2.5\spring-boot-starter-tomcat-3.2.5.jar;C:\repmvn\org\apache\tomcat\embed\tomcat-embed-core\10.1.20\tomcat-embed-core-10.1.20.jar;C:\repmvn\org\apache\tomcat\embed\tomcat-embed-el\10.1.20\tomcat-embed-el-10.1.20.jar;C:\repmvn\org\apache\tomcat\embed\tomcat-embed-websocket\10.1.20\tomcat-embed-websocket-10.1.20.jar;C:\repmvn\org\springframework\spring-web\6.1.6\spring-web-6.1.6.jar;C:\repmvn\org\springframework\spring-beans\6.1.6\spring-beans-6.1.6.jar;C:\repmvn\io\micrometer\micrometer-observation\1.12.5\micrometer-observation-1.12.5.jar;C:\repmvn\io\micrometer\micrometer-commons\1.12.5\micrometer-commons-1.12.5.jar;C:\repmvn\org\springframework\spring-webmvc\6.1.6\spring-webmvc-6.1.6.jar;C:\repmvn\org\springframework\spring-context\6.1.6\spring-context-6.1.6.jar;C:\repmvn\org\springframework\spring-expression\6.1.6\spring-expression-6.1.6.jar;C:\repmvn\org\springframework\boot\spring-boot-starter-test\3.2.5\spring-boot-starter-test-3.2.5.jar;C:\repmvn\org\springframework\boot\spring-boot-test\3.2.5\spring-boot-test-3.2.5.jar;C:\repmvn\org\springframework\boot\spring-boot-test-autoconfigure\3.2.5\spring-boot-test-autoconfigure-3.2.5.jar;C:\repmvn\com\jayway\jsonpath\json-path\2.9.0\json-path-2.9.0.jar;C:\repmvn\org\slf4j\slf4j-api\2.0.13\slf4j-api-2.0.13.jar;C:\repmvn\jakarta\xml\bind\jakarta.xml.bind-api\4.0.2\jakarta.xml.bind-api-4.0.2.jar;C:\repmvn\jakarta\activation\jakarta.activation-api\2.1.3\jakarta.activation-api-2.1.3.jar;C:\repmvn\net\minidev\json-smart\2.5.1\json-smart-2.5.1.jar;C:\repmvn\net\minidev\accessors-smart\2.5.1\accessors-smart-2.5.1.jar;C:\repmvn\org\ow2\asm\asm\9.6\asm-9.6.jar;C:\repmvn\org\assertj\assertj-core\3.24.2\assertj-core-3.24.2.jar;C:\repmvn\net\bytebuddy\byte-buddy\1.14.13\byte-buddy-1.14.13.jar;C:\repmvn\org\awaitility\awaitility\4.2.1\awaitility-4.2.1.jar;C:\repmvn\org\hamcrest\hamcrest\2.2\hamcrest-2.2.jar;C:\repmvn\org\junit\jupiter\junit-jupiter\5.10.2\junit-jupiter-5.10.2.jar;C:\repmvn\org\junit\jupiter\junit-jupiter-api\5.10.2\junit-jupiter-api-5.10.2.jar;C:\repmvn\org\opentest4j\opentest4j\1.3.0\opentest4j-1.3.0.jar;C:\repmvn\org\junit\platform\junit-platform-commons\1.10.2\junit-platform-commons-1.10.2.jar;C:\repmvn\org\apiguardian\apiguardian-api\1.1.2\apiguardian-api-1.1.2.jar;C:\repmvn\org\junit\jupiter\junit-jupiter-params\5.10.2\junit-jupiter-params-5.10.2.jar;C:\repmvn\org\junit\jupiter\junit-jupiter-engine\5.10.2\junit-jupiter-engine-5.10.2.jar;C:\repmvn\org\junit\platform\junit-platform-engine\1.10.2\junit-platform-engine-1.10.2.jar;C:\repmvn\org\mockito\mockito-core\5.7.0\mockito-core-5.7.0.jar;C:\repmvn\net\bytebuddy\byte-buddy-agent\1.14.13\byte-buddy-agent-1.14.13.jar;C:\repmvn\org\objenesis\objenesis\3.3\objenesis-3.3.jar;C:\repmvn\org\mockito\mockito-junit-jupiter\5.7.0\mockito-junit-jupiter-5.7.0.jar;C:\repmvn\org\skyscreamer\jsonassert\1.5.1\jsonassert-1.5.1.jar;C:\repmvn\com\vaadin\external\google\android-json\0.0.20131108.vaadin1\android-json-0.0.20131108.vaadin1.jar;C:\repmvn\org\springframework\spring-core\6.1.6\spring-core-6.1.6.jar;C:\repmvn\org\springframework\spring-jcl\6.1.6\spring-jcl-6.1.6.jar;C:\repmvn\org\springframework\spring-test\6.1.6\spring-test-6.1.6.jar;C:\repmvn\org\xmlunit\xmlunit-core\2.9.1\xmlunit-core-2.9.1.jar;C:\repmvn\org\mybatis\spring\boot\mybatis-spring-boot-starter\3.0.3\mybatis-spring-boot-starter-3.0.3.jar;C:\repmvn\org\springframework\boot\spring-boot-starter-jdbc\3.2.5\spring-boot-starter-jdbc-3.2.5.jar;C:\repmvn\com\zaxxer\HikariCP\5.0.1\HikariCP-5.0.1.jar;C:\repmvn\org\springframework\spring-jdbc\6.1.6\spring-jdbc-6.1.6.jar;C:\repmvn\org\mybatis\spring\boot\mybatis-spring-boot-autoconfigure\3.0.3\mybatis-spring-boot-autoconfigure-3.0.3.jar;C:\repmvn\org\mybatis\mybatis\3.5.14\mybatis-3.5.14.jar;C:\repmvn\org\mybatis\mybatis-spring\3.0.3\mybatis-spring-3.0.3.jar;C:\repmvn\org\springframework\boot\spring-boot-devtools\3.2.5\spring-boot-devtools-3.2.5.jar;C:\repmvn\org\springframework\boot\spring-boot\3.2.5\spring-boot-3.2.5.jar;C:\repmvn\org\springframework\boot\spring-boot-autoconfigure\3.2.5\spring-boot-autoconfigure-3.2.5.jar;C:\repmvn\com\mysql\mysql-connector-j\8.3.0\mysql-connector-j-8.3.0.jar;C:\repmvn\org\projectlombok\lombok\1.18.32\lombok-1.18.32.jar;C:\repmvn\com\baomidou\mybatis-plus-boot-starter\3.5.5\mybatis-plus-boot-starter-3.5.5.jar;C:\repmvn\com\baomidou\mybatis-plus\3.5.5\mybatis-plus-3.5.5.jar;C:\repmvn\com\baomidou\mybatis-plus-core\3.5.5\mybatis-plus-core-3.5.5.jar;C:\repmvn\com\baomidou\mybatis-plus-annotation\3.5.5\mybatis-plus-annotation-3.5.5.jar;C:\repmvn\com\baomidou\mybatis-plus-extension\3.5.5\mybatis-plus-extension-3.5.5.jar;C:\repmvn\com\github\jsqlparser\jsqlparser\4.6\jsqlparser-4.6.jar;C:\repmvn\com\baomidou\mybatis-plus-spring-boot-autoconfigure\3.5.5\mybatis-plus-spring-boot-autoconfigure-3.5.5.jar;C:\repmvn\com\baomidou\mybatis-plus-generator\3.5.5\mybatis-plus-generator-3.5.5.jar;C:\repmvn\org\freemarker\freemarker\2.3.32\freemarker-2.3.32.jar;C:\repmvn\io\jsonwebtoken\jjwt-api\0.11.5\jjwt-api-0.11.5.jar;C:\repmvn\io\jsonwebtoken\jjwt-impl\0.11.5\jjwt-impl-0.11.5.jar;C:\repmvn\io\jsonwebtoken\jjwt-jackson\0.11.5\jjwt-jackson-0.11.5.jar;C:\repmvn\com\fasterxml\jackson\core\jackson-databind\2.15.4\jackson-databind-2.15.4.jar;C:\repmvn\com\fasterxml\jackson\core\jackson-annotations\2.15.4\jackson-annotations-2.15.4.jar;C:\repmvn\com\fasterxml\jackson\core\jackson-core\2.15.4\jackson-core-2.15.4.jar;C:\repmvn\org\springframework\boot\spring-boot-starter-security\3.2.5\spring-boot-starter-security-3.2.5.jar;C:\repmvn\org\springframework\spring-aop\6.1.6\spring-aop-6.1.6.jar;C:\repmvn\org\springframework\security\spring-security-config\6.2.4\spring-security-config-6.2.4.jar;C:\repmvn\org\springframework\security\spring-security-core\6.2.4\spring-security-core-6.2.4.jar;C:\repmvn\org\springframework\security\spring-security-crypto\6.2.4\spring-security-crypto-6.2.4.jar;C:\repmvn\org\springframework\security\spring-security-web\6.2.4\spring-security-web-6.2.4.jar;C:\repmvn\org\springframework\boot\spring-boot-starter-data-redis\3.2.5\spring-boot-starter-data-redis-3.2.5.jar;C:\repmvn\io\lettuce\lettuce-core\6.3.2.RELEASE\lettuce-core-6.3.2.RELEASE.jar;C:\repmvn\io\netty\netty-common\4.1.109.Final\netty-common-4.1.109.Final.jar;C:\repmvn\io\netty\netty-handler\4.1.109.Final\netty-handler-4.1.109.Final.jar;C:\repmvn\io\netty\netty-resolver\4.1.109.Final\netty-resolver-4.1.109.Final.jar;C:\repmvn\io\netty\netty-buffer\4.1.109.Final\netty-buffer-4.1.109.Final.jar;C:\repmvn\io\netty\netty-transport-native-unix-common\4.1.109.Final\netty-transport-native-unix-common-4.1.109.Final.jar;C:\repmvn\io\netty\netty-codec\4.1.109.Final\netty-codec-4.1.109.Final.jar;C:\repmvn\io\netty\netty-transport\4.1.109.Final\netty-transport-4.1.109.Final.jar;C:\repmvn\io\projectreactor\reactor-core\3.6.5\reactor-core-3.6.5.jar;C:\repmvn\org\reactivestreams\reactive-streams\1.0.4\reactive-streams-1.0.4.jar;C:\repmvn\org\springframework\data\spring-data-redis\3.2.5\spring-data-redis-3.2.5.jar;C:\repmvn\org\springframework\data\spring-data-keyvalue\3.2.5\spring-data-keyvalue-3.2.5.jar;C:\repmvn\org\springframework\data\spring-data-commons\3.2.5\spring-data-commons-3.2.5.jar;C:\repmvn\org\springframework\spring-tx\6.1.6\spring-tx-6.1.6.jar;C:\repmvn\org\springframework\spring-oxm\6.1.6\spring-oxm-6.1.6.jar;C:\repmvn\org\springframework\spring-context-support\6.1.6\spring-context-support-6.1.6.jar;C:\repmvn\com\alibaba\cloud\ai\spring-ai-alibaba-starter\1.0.0-M2.1\spring-ai-alibaba-starter-1.0.0-M2.1.jar;C:\repmvn\com\alibaba\cloud\ai\spring-ai-alibaba-core\1.0.0-M2.1\spring-ai-alibaba-core-1.0.0-M2.1.jar;C:\repmvn\com\alibaba\dashscope-sdk-java\2.15.1\dashscope-sdk-java-2.15.1.jar;C:\repmvn\io\reactivex\rxjava2\rxjava\2.2.21\rxjava-2.2.21.jar;C:\repmvn\com\google\code\gson\gson\2.10.1\gson-2.10.1.jar;C:\repmvn\org\jetbrains\kotlin\kotlin-stdlib-jdk8\1.9.23\kotlin-stdlib-jdk8-1.9.23.jar;C:\repmvn\org\jetbrains\kotlin\kotlin-stdlib\1.9.23\kotlin-stdlib-1.9.23.jar;C:\repmvn\org\jetbrains\annotations\13.0\annotations-13.0.jar;C:\repmvn\org\jetbrains\kotlin\kotlin-stdlib-jdk7\1.9.23\kotlin-stdlib-jdk7-1.9.23.jar;C:\repmvn\com\squareup\okio\okio\3.6.0\okio-3.6.0.jar;C:\repmvn\com\squareup\okio\okio-jvm\3.6.0\okio-jvm-3.6.0.jar;C:\repmvn\org\jetbrains\kotlin\kotlin-stdlib-common\1.9.23\kotlin-stdlib-common-1.9.23.jar;C:\repmvn\com\squareup\okhttp3\logging-interceptor\4.12.0\logging-interceptor-4.12.0.jar;C:\repmvn\com\squareup\okhttp3\okhttp-sse\4.12.0\okhttp-sse-4.12.0.jar;C:\repmvn\com\github\victools\jsonschema-generator\4.31.1\jsonschema-generator-4.31.1.jar;C:\repmvn\com\fasterxml\classmate\1.6.0\classmate-1.6.0.jar;C:\repmvn\org\springframework\ai\spring-ai-core\1.0.0-M2\spring-ai-core-1.0.0-M2.jar;C:\repmvn\io\swagger\core\v3\swagger-annotations\2.2.20\swagger-annotations-2.2.20.jar;C:\repmvn\com\github\victools\jsonschema-module-swagger-2\4.35.0\jsonschema-module-swagger-2-4.35.0.jar;C:\repmvn\org\springframework\cloud\spring-cloud-function-context\4.1.3\spring-cloud-function-context-4.1.3.jar;C:\repmvn\net\jodah\typetools\0.6.2\typetools-0.6.2.jar;C:\repmvn\org\springframework\cloud\spring-cloud-function-core\4.1.3\spring-cloud-function-core-4.1.3.jar;C:\repmvn\org\json\json\20240303\json-20240303.jar;C:\repmvn\org\antlr\ST4\4.3.4\ST4-4.3.4.jar;C:\repmvn\org\antlr\antlr-runtime\3.5.3\antlr-runtime-3.5.3.jar;C:\repmvn\org\antlr\antlr4-runtime\4.13.1\antlr4-runtime-4.13.1.jar;C:\repmvn\org\springframework\spring-messaging\6.1.6\spring-messaging-6.1.6.jar;C:\repmvn\io\micrometer\micrometer-core\1.12.5\micrometer-core-1.12.5.jar;C:\repmvn\org\hdrhistogram\HdrHistogram\2.1.12\HdrHistogram-2.1.12.jar;C:\repmvn\org\latencyutils\LatencyUtils\2.0.3\LatencyUtils-2.0.3.jar;C:\repmvn\com\knuddels\jtokkit\1.1.0\jtokkit-1.1.0.jar;C:\repmvn\com\github\victools\jsonschema-module-jackson\4.35.0\jsonschema-module-jackson-4.35.0.jar;C:\repmvn\org\springframework\ai\spring-ai-retry\1.0.0-M2\spring-ai-retry-1.0.0-M2.jar;C:\repmvn\org\springframework\retry\spring-retry\2.0.5\spring-retry-2.0.5.jar;C:\repmvn\org\springframework\spring-webflux\6.1.6\spring-webflux-6.1.6.jar;C:\repmvn\org\springframework\ai\spring-ai-spring-boot-autoconfigure\1.0.0-M2\spring-ai-spring-boot-autoconfigure-1.0.0-M2.jar;C:\repmvn\commons-codec\commons-codec\1.16.1\commons-codec-1.16.1.jar;C:\repmvn\com\squareup\okhttp3\okhttp\4.12.0\okhttp-4.12.0.jar;"/>
    <property name="sun.cpu.endian" value="little"/>
    <property name="user.home" value="C:\Users\Xuzengrun"/>
    <property name="user.language" value="zh"/>
    <property name="java.specification.vendor" value="Oracle Corporation"/>
    <property name="java.version.date" value="2025-01-21"/>
    <property name="java.home" value="C:\Users\Xuzengrun\.jdks\corretto-17.0.14"/>
    <property name="file.separator" value="\"/>
    <property name="basedir" value="D:\train_system\train46"/>
    <property name="java.vm.compressedOopsMode" value="Zero based"/>
    <property name="line.separator" value="&#10;"/>
    <property name="java.vm.specification.vendor" value="Oracle Corporation"/>
    <property name="java.specification.name" value="Java Platform API Specification"/>
    <property name="FILE_LOG_CHARSET" value="GBK"/>
    <property name="java.awt.headless" value="true"/>
    <property name="surefire.real.class.path" value="C:\Users\Xuzengrun\AppData\Local\Temp\surefire12754574751960830587\surefirebooter-20250406041419745_3.jar"/>
    <property name="user.script" value=""/>
    <property name="sun.management.compiler" value="HotSpot 64-Bit Tiered Compilers"/>
    <property name="java.runtime.version" value="17.0.14+7-LTS"/>
    <property name="user.name" value="Xuzengrun"/>
    <property name="path.separator" value=";"/>
    <property name="os.version" value="10.0"/>
    <property name="java.runtime.name" value="OpenJDK Runtime Environment"/>
    <property name="file.encoding" value="GBK"/>
    <property name="java.vm.name" value="OpenJDK 64-Bit Server VM"/>
    <property name="java.vendor.version" value="Corretto-17.0.14.7.1"/>
    <property name="localRepository" value="C:\repmvn"/>
    <property name="java.vendor.url.bug" value="https://github.com/corretto/corretto-17/issues/"/>
    <property name="java.io.tmpdir" value="C:\Users\XUZENG~1\AppData\Local\Temp\"/>
    <property name="idea.version" value="2024.2.5"/>
    <property name="java.version" value="17.0.14"/>
    <property name="user.dir" value="D:\train_system\train46"/>
    <property name="os.arch" value="amd64"/>
    <property name="java.vm.specification.name" value="Java Virtual Machine Specification"/>
    <property name="PID" value="15264"/>
    <property name="sun.os.patch.level" value=""/>
    <property name="CONSOLE_LOG_CHARSET" value="GBK"/>
    <property name="native.encoding" value="GBK"/>
    <property name="java.library.path" value="C:\Users\Xuzengrun\.jdks\corretto-17.0.14\bin;C:\Windows\Sun\Java\bin;C:\Windows\system32;C:\Windows;C:\Program Files (x86)\VMware\VMware Workstation\bin\;C:\Windows\system32;C:\Windows;C:\Windows\System32\Wbem;C:\Windows\System32\WindowsPowerShell\v1.0\;C:\Windows\System32\OpenSSH\;C:\Program Files (x86)\NVIDIA Corporation\PhysX\Common;C:\Program Files\NVIDIA Corporation\NVIDIA NvDLISR;C:\Program Files\Java\jdk1.8.0_231\bin;C:\Program Files\MySQL\MySQL Server 8.0\bin;C:\Program Files\dotnet\;D:\Program\tomcat\apache-tomcat-8.5.32\bin;D:\BigData\hadoop-2.9.2\bin;C:\Program Files\Git\cmd;C:\Program Files\TortoiseGit\bin;C:\Program Files\Microsoft VS Code\bin;C:\Program Files\nodejs\;D:\adb\platform-tools;C:\Users\Xuzengrun\AppData\Local\Programs\Python\Python313\Scripts\;C:\Users\Xuzengrun\AppData\Local\Programs\Python\Python313\;C:\Users\Xuzengrun\AppData\Local\Microsoft\WindowsApps;D:\Program Files (x86)\IntelliJ IDEA 2024.2.5\bin;;C:\Program Files\cpolar\;C:\Users\Xuzengrun\AppData\Local\Programs\EmEditor;C:\ProgramData\Xuzengrun\GitHubDesktop\bin;C:\Users\Xuzengrun\AppData\Local\GitHubDesktop\bin;C:\Users\Xuzengrun\AppData\Roaming\npm;."/>
    <property name="java.vm.info" value="mixed mode, sharing"/>
    <property name="java.vendor" value="Amazon.com Inc."/>
    <property name="java.vm.version" value="17.0.14+7-LTS"/>
    <property name="java.specification.maintenance.version" value="1"/>
    <property name="sun.io.unicode.encoding" value="UnicodeLittle"/>
    <property name="maven.repo.local" value="C:\repmvn"/>
    <property name="java.class.version" value="61.0"/>
  </properties>
  <testcase name="contextLoads" classname="com.qdu.TrainApplicationTests" time="0.605">
    <system-out><![CDATA[04:14:20.516 [main] INFO org.springframework.test.context.support.AnnotationConfigContextLoaderUtils -- Could not detect default configuration classes for test class [com.qdu.TrainApplicationTests]: TrainApplicationTests does not declare any static, non-private, non-final, nested classes annotated with @Configuration.
04:14:20.612 [main] INFO org.springframework.boot.test.context.SpringBootTestContextBootstrapper -- Found @SpringBootConfiguration com.qdu.TrainApplication for test class com.qdu.TrainApplicationTests
04:14:20.775 [main] INFO org.springframework.boot.devtools.restart.RestartApplicationListener -- Restart disabled due to context in which it is running

  .   ____          _            __ _ _
 /\\ / ___'_ __ _ _(_)_ __  __ _ \ \ \ \
( ( )\___ | '_ | '_| | '_ \/ _` | \ \ \ \
 \\/  ___)| |_)| | | | | || (_| |  ) ) ) )
  '  |____| .__|_| |_|_| |_\__, | / / / /
 =========|_|==============|___/=/_/_/_/
 :: Spring Boot ::                (v3.2.5)

2025-04-06T04:14:21.035+08:00  WARN 15264 --- [           main] ory$DuplicateJsonObjectContextCustomizer : 

Found multiple occurrences of org.json.JSONObject on the class path:

	jar:file:/C:/repmvn/com/vaadin/external/google/android-json/0.0.20131108.vaadin1/android-json-0.0.20131108.vaadin1.jar!/org/json/JSONObject.class
	jar:file:/C:/repmvn/org/json/json/20240303/json-20240303.jar!/org/json/JSONObject.class

You may wish to exclude one of them to ensure predictable runtime behavior

2025-04-06T04:14:21.049+08:00  INFO 15264 --- [           main] com.qdu.TrainApplicationTests            : Starting TrainApplicationTests using Java 17.0.14 with PID 15264 (started by Xuzengrun in D:\train_system\train46)
2025-04-06T04:14:21.050+08:00  INFO 15264 --- [           main] com.qdu.TrainApplicationTests            : No active profile set, falling back to 1 default profile: "default"
2025-04-06T04:14:21.077+08:00 DEBUG 15264 --- [           main] o.s.w.c.s.GenericWebApplicationContext   : Refreshing org.springframework.web.context.support.GenericWebApplicationContext@46044faa
2025-04-06T04:14:21.844+08:00  INFO 15264 --- [           main] .s.d.r.c.RepositoryConfigurationDelegate : Multiple Spring Data modules found, entering strict repository configuration mode
2025-04-06T04:14:21.846+08:00  INFO 15264 --- [           main] .s.d.r.c.RepositoryConfigurationDelegate : Bootstrapping Spring Data Redis repositories in DEFAULT mode.
2025-04-06T04:14:21.882+08:00  INFO 15264 --- [           main] .s.d.r.c.RepositoryConfigurationDelegate : Finished Spring Data repository scanning in 22 ms. Found 0 Redis repository interfaces.
Logging initialized using 'class org.apache.ibatis.logging.stdout.StdOutImpl' adapter.
Initialization Sequence datacenterId:0 workerId:28
 _ _   |_  _ _|_. ___ _ |    _ 
| | |\/|_)(_| | |_\  |_)||_|_\ 
     /               |         
                        3.5.5 
Can not find table primary key in Class: "com.qdu.entity.Train".
2025-04-06T04:14:23.435+08:00  WARN 15264 --- [           main] c.b.m.core.injector.DefaultSqlInjector   : class com.qdu.entity.Train ,Not found @TableId annotation, Cannot use Mybatis-Plus 'xxById' Method.
2025-04-06T04:14:24.139+08:00  INFO 15264 --- [           main] o.s.b.a.w.s.WelcomePageHandlerMapping    : Adding welcome page: class path resource [static/index.html]
2025-04-06T04:14:24.213+08:00 DEBUG 15264 --- [           main] s.w.s.m.m.a.RequestMappingHandlerMapping : 11 mappings in 'requestMappingHandlerMapping'
2025-04-06T04:14:24.296+08:00 DEBUG 15264 --- [           main] o.s.w.s.handler.SimpleUrlHandlerMapping  : Patterns [/webjars/**, /**] in 'resourceHandlerMapping'
2025-04-06T04:14:24.350+08:00  INFO 15264 --- [           main] o.s.s.web.DefaultSecurityFilterChain     : Will secure any request with [org.springframework.security.web.session.DisableEncodeUrlFilter@5f4e389a, org.springframework.security.web.context.request.async.WebAsyncManagerIntegrationFilter@3ba1f56e, org.springframework.security.web.context.SecurityContextHolderFilter@5f9ccd0c, org.springframework.security.web.header.HeaderWriterFilter@75da2db, org.springframework.web.filter.CorsFilter@56a9b662, org.springframework.security.web.authentication.logout.LogoutFilter@4bceac99, com.qdu.common.JwtAuthenticationFilter@77881b7a, org.springframework.security.web.savedrequest.RequestCacheAwareFilter@609ad016, org.springframework.security.web.servletapi.SecurityContextHolderAwareRequestFilter@da9374c, org.springframework.security.web.authentication.AnonymousAuthenticationFilter@59ac77f9, org.springframework.security.web.session.SessionManagementFilter@42cf5a6f, org.springframework.security.web.access.ExceptionTranslationFilter@5617168c, org.springframework.security.web.access.intercept.AuthorizationFilter@4ae5ddc0]
2025-04-06T04:14:24.409+08:00 ERROR 15264 --- [           main] o.a.catalina.core.AprLifecycleListener   : An incompatible version [1.2.17] of the Apache Tomcat Native library is installed, while Tomcat requires version [1.2.34]
2025-04-06T04:14:24.552+08:00 DEBUG 15264 --- [           main] s.w.s.m.m.a.RequestMappingHandlerAdapter : ControllerAdvice beans: 0 @ModelAttribute, 0 @InitBinder, 1 RequestBodyAdvice, 1 ResponseBodyAdvice
2025-04-06T04:14:24.593+08:00 DEBUG 15264 --- [           main] .m.m.a.ExceptionHandlerExceptionResolver : ControllerAdvice beans: 0 @ExceptionHandler, 1 ResponseBodyAdvice
2025-04-06T04:14:24.964+08:00 DEBUG 15264 --- [           main] o.s.w.s.v.f.FreeMarkerConfigurer         : File system access not preferred: using SpringTemplateLoader
2025-04-06T04:14:25.163+08:00  INFO 15264 --- [           main] com.qdu.TrainApplicationTests            : Started TrainApplicationTests in 4.401 seconds (process running for 5.299)
2025-04-06T04:14:25.433+08:00 DEBUG 15264 --- [           main] o.s.web.client.DefaultRestClient         : Writing [EmbeddingRequest[model=text-embedding-v1, input=EmbeddingRequestInput[texts=[Hello World]], parameters=EmbeddingRequestInputParameters[textType=null]]] as "application/json" with org.springframework.http.converter.json.MappingJackson2HttpMessageConverter
2025-04-06T04:14:26.305+08:00 DEBUG 15264 --- [           main] o.s.web.client.DefaultRestClient         : Reading to [com.alibaba.cloud.ai.dashscope.api.DashScopeApi$EmbeddingList]
2025-04-06T04:14:26.322+08:00  INFO 15264 --- [           main] o.s.ai.vectorstore.SimpleVectorStore     : Calling EmbeddingModel for document id = ccc47617-28cc-4d26-a815-4b0fbbbb65a8
2025-04-06T04:14:26.325+08:00 DEBUG 15264 --- [           main] o.s.web.client.DefaultRestClient         : Writing [EmbeddingRequest[model=text-embedding-v1, input=EmbeddingRequestInput[texts=[charset: UTF-8
source: terms-of-service.txt

本服务条款适用于您对 火车订票系统 的体验。购买车票，即表示您同意这些条款。
1. 查询车票
- 所有用户均可通过查票界面或智能客服界面查询车次、余票、票价等信息。
- 但为了提供查询功能，我们可能会收集一些基本信息，如出发地、目的地、出发日期等。
- 余票信息实时更新，预售期为15天（含当日）。
2. 预订车票
- 通过我们的网站或移动应用程序预订。
- 预订时需要10分钟之内全额付款，否则会自动取消订单。
- 选择车次、座位类型（二等座、一等座、商务座等）→ 填写乘客信息→ 生成订单
- 确保个人信息（姓名、证件号号等）的准确性。
3. 退票
- 我们提供退票功能，但具体退票规则以具体退票政策为准。
- 取消费用：开车前8天以上：免退票费。开车前48小时以上：票价5%手续费。开车前24-48小时：票价10%手续费。开车前24小时内：票价20%手续费。
- 退款将在 7 个工作日内处理。
4. 投诉与建议
- 我们提供投诉与建议功能，可以直接向智能客服反馈。]], parameters=EmbeddingRequestInputParameters[textType=null]]] as "application/json" with org.springframework.http.converter.json.MappingJackson2HttpMessageConverter
2025-04-06T04:14:26.519+08:00 DEBUG 15264 --- [           main] o.s.web.client.DefaultRestClient         : Reading to [com.alibaba.cloud.ai.dashscope.api.DashScopeApi$EmbeddingList]
]]></system-out>
  </testcase>
</testsuite>